{
"/Users/rczarne1/Developer/workspace/git/hapi-react-router/lib/index.js":{"path":"/Users/rczarne1/Developer/workspace/git/hapi-react-router/lib/index.js","s":{"1":1,"2":1,"3":1,"4":1,"5":1,"6":1,"7":4,"8":4,"9":4,"10":4,"11":4,"12":4,"13":4,"14":0,"15":0,"16":4,"17":4,"18":0,"19":0,"20":4,"21":1,"22":1,"23":1,"24":0,"25":0,"26":0,"27":0,"28":4,"29":1},"b":{"1":[1,0]},"f":{"1":4,"2":0,"3":0,"4":1,"5":1},"fnMap":{"1":{"name":"(anonymous_1)","line":22,"loc":{"start":{"line":22,"column":19},"end":{"line":22,"column":52}}},"2":{"name":"(anonymous_2)","line":34,"loc":{"start":{"line":34,"column":11},"end":{"line":34,"column":22}}},"3":{"name":"(anonymous_3)","line":43,"loc":{"start":{"line":43,"column":11},"end":{"line":43,"column":22}}},"4":{"name":"(anonymous_4)","line":48,"loc":{"start":{"line":48,"column":30},"end":{"line":48,"column":57}}},"5":{"name":"(anonymous_5)","line":50,"loc":{"start":{"line":50,"column":41},"end":{"line":50,"column":65}}}},"statementMap":{"1":{"start":{"line":12,"column":0},"end":{"line":12,"column":27}},"2":{"start":{"line":13,"column":0},"end":{"line":13,"column":29}},"3":{"start":{"line":14,"column":0},"end":{"line":14,"column":37}},"4":{"start":{"line":15,"column":0},"end":{"line":15,"column":37}},"5":{"start":{"line":17,"column":0},"end":{"line":20,"column":2}},"6":{"start":{"line":22,"column":0},"end":{"line":63,"column":2}},"7":{"start":{"line":23,"column":2},"end":{"line":23,"column":46}},"8":{"start":{"line":25,"column":2},"end":{"line":25,"column":71}},"9":{"start":{"line":26,"column":2},"end":{"line":26,"column":76}},"10":{"start":{"line":27,"column":2},"end":{"line":27,"column":13}},"11":{"start":{"line":28,"column":2},"end":{"line":28,"column":16}},"12":{"start":{"line":30,"column":2},"end":{"line":37,"column":3}},"13":{"start":{"line":31,"column":4},"end":{"line":31,"column":33}},"14":{"start":{"line":34,"column":4},"end":{"line":36,"column":6}},"15":{"start":{"line":35,"column":6},"end":{"line":35,"column":14}},"16":{"start":{"line":39,"column":2},"end":{"line":46,"column":3}},"17":{"start":{"line":40,"column":4},"end":{"line":40,"column":39}},"18":{"start":{"line":43,"column":4},"end":{"line":45,"column":6}},"19":{"start":{"line":44,"column":6},"end":{"line":44,"column":14}},"20":{"start":{"line":48,"column":2},"end":{"line":61,"column":5}},"21":{"start":{"line":50,"column":4},"end":{"line":60,"column":7}},"22":{"start":{"line":51,"column":6},"end":{"line":53,"column":7}},"23":{"start":{"line":52,"column":8},"end":{"line":52,"column":33}},"24":{"start":{"line":55,"column":6},"end":{"line":55,"column":49}},"25":{"start":{"line":56,"column":6},"end":{"line":56,"column":51}},"26":{"start":{"line":57,"column":6},"end":{"line":57,"column":91}},"27":{"start":{"line":59,"column":6},"end":{"line":59,"column":44}},"28":{"start":{"line":62,"column":2},"end":{"line":62,"column":9}},"29":{"start":{"line":65,"column":0},"end":{"line":67,"column":2}}},"branchMap":{"1":{"line":51,"type":"if","locations":[{"start":{"line":51,"column":6},"end":{"line":51,"column":6}},{"start":{"line":51,"column":6},"end":{"line":51,"column":6}}]}},"l":{"12":1,"13":1,"14":1,"15":1,"17":1,"22":1,"23":4,"25":4,"26":4,"27":4,"28":4,"30":4,"31":4,"34":0,"35":0,"39":4,"40":4,"43":0,"44":0,"48":4,"50":1,"51":1,"52":1,"55":0,"56":0,"57":0,"59":0,"62":4,"65":1}}}
