{
"/Users/rczarne1/Developer/workspace/git/hapi-router/lib/index.js":{"path":"/Users/rczarne1/Developer/workspace/git/hapi-router/lib/index.js","s":{"1":1,"2":1,"3":1,"4":1,"5":1,"6":1,"7":1,"8":4,"9":4,"10":0,"11":0,"12":0,"13":0,"14":0,"15":0,"16":0,"17":0,"18":0,"19":0,"20":0,"21":0,"22":0,"23":0,"24":0,"25":0,"26":0,"27":0,"28":0,"29":0,"30":1},"b":{"1":[0,0]},"f":{"1":4,"2":0,"3":0,"4":0,"5":0},"fnMap":{"1":{"name":"(anonymous_1)","line":23,"loc":{"start":{"line":23,"column":19},"end":{"line":23,"column":52}}},"2":{"name":"(anonymous_2)","line":35,"loc":{"start":{"line":35,"column":11},"end":{"line":35,"column":22}}},"3":{"name":"(anonymous_3)","line":44,"loc":{"start":{"line":44,"column":11},"end":{"line":44,"column":22}}},"4":{"name":"(anonymous_4)","line":49,"loc":{"start":{"line":49,"column":30},"end":{"line":49,"column":57}}},"5":{"name":"(anonymous_5)","line":51,"loc":{"start":{"line":51,"column":41},"end":{"line":51,"column":65}}}},"statementMap":{"1":{"start":{"line":12,"column":0},"end":{"line":12,"column":27}},"2":{"start":{"line":14,"column":0},"end":{"line":14,"column":29}},"3":{"start":{"line":15,"column":0},"end":{"line":15,"column":34}},"4":{"start":{"line":16,"column":0},"end":{"line":16,"column":37}},"5":{"start":{"line":17,"column":0},"end":{"line":17,"column":37}},"6":{"start":{"line":19,"column":0},"end":{"line":21,"column":2}},"7":{"start":{"line":23,"column":0},"end":{"line":64,"column":2}},"8":{"start":{"line":24,"column":2},"end":{"line":24,"column":46}},"9":{"start":{"line":26,"column":2},"end":{"line":26,"column":87}},"10":{"start":{"line":27,"column":2},"end":{"line":27,"column":92}},"11":{"start":{"line":28,"column":2},"end":{"line":28,"column":13}},"12":{"start":{"line":29,"column":2},"end":{"line":29,"column":16}},"13":{"start":{"line":31,"column":2},"end":{"line":38,"column":3}},"14":{"start":{"line":32,"column":4},"end":{"line":32,"column":33}},"15":{"start":{"line":35,"column":4},"end":{"line":37,"column":6}},"16":{"start":{"line":36,"column":6},"end":{"line":36,"column":14}},"17":{"start":{"line":40,"column":2},"end":{"line":47,"column":3}},"18":{"start":{"line":41,"column":4},"end":{"line":41,"column":39}},"19":{"start":{"line":44,"column":4},"end":{"line":46,"column":6}},"20":{"start":{"line":45,"column":6},"end":{"line":45,"column":14}},"21":{"start":{"line":49,"column":2},"end":{"line":62,"column":5}},"22":{"start":{"line":51,"column":4},"end":{"line":61,"column":7}},"23":{"start":{"line":52,"column":6},"end":{"line":54,"column":7}},"24":{"start":{"line":53,"column":8},"end":{"line":53,"column":33}},"25":{"start":{"line":56,"column":6},"end":{"line":56,"column":49}},"26":{"start":{"line":57,"column":6},"end":{"line":57,"column":51}},"27":{"start":{"line":58,"column":6},"end":{"line":58,"column":91}},"28":{"start":{"line":60,"column":6},"end":{"line":60,"column":44}},"29":{"start":{"line":63,"column":2},"end":{"line":63,"column":9}},"30":{"start":{"line":66,"column":0},"end":{"line":68,"column":2}}},"branchMap":{"1":{"line":52,"type":"if","locations":[{"start":{"line":52,"column":6},"end":{"line":52,"column":6}},{"start":{"line":52,"column":6},"end":{"line":52,"column":6}}]}},"l":{"12":1,"14":1,"15":1,"16":1,"17":1,"19":1,"23":1,"24":4,"26":4,"27":0,"28":0,"29":0,"31":0,"32":0,"35":0,"36":0,"40":0,"41":0,"44":0,"45":0,"49":0,"51":0,"52":0,"53":0,"56":0,"57":0,"58":0,"60":0,"63":0,"66":1}}}
