TN:
SF:/Users/rczarne1/Developer/workspace/git/hapi-react-router/lib/index.js
FN:22,(anonymous_1)
FN:34,(anonymous_2)
FN:43,(anonymous_3)
FN:48,(anonymous_4)
FN:50,(anonymous_5)
FNF:5
FNH:3
FNDA:4,(anonymous_1)
FNDA:0,(anonymous_2)
FNDA:0,(anonymous_3)
FNDA:1,(anonymous_4)
FNDA:1,(anonymous_5)
DA:12,1
DA:13,1
DA:14,1
DA:15,1
DA:17,1
DA:22,1
DA:23,4
DA:25,4
DA:26,4
DA:27,4
DA:28,4
DA:30,4
DA:31,4
DA:34,0
DA:35,0
DA:39,4
DA:40,4
DA:43,0
DA:44,0
DA:48,4
DA:50,1
DA:51,1
DA:52,1
DA:55,0
DA:56,0
DA:57,0
DA:59,0
DA:62,4
DA:65,1
LF:29
LH:21
BRDA:51,1,0,1
BRDA:51,1,1,0
BRF:2
BRH:1
end_of_record
