TN:
SF:/Users/rczarne1/Developer/workspace/git/hapi-router/lib/index.js
FN:23,(anonymous_1)
FN:35,(anonymous_2)
FN:44,(anonymous_3)
FN:49,(anonymous_4)
FN:51,(anonymous_5)
FNF:5
FNH:1
FNDA:4,(anonymous_1)
FNDA:0,(anonymous_2)
FNDA:0,(anonymous_3)
FNDA:0,(anonymous_4)
FNDA:0,(anonymous_5)
DA:12,1
DA:14,1
DA:15,1
DA:16,1
DA:17,1
DA:19,1
DA:23,1
DA:24,4
DA:26,4
DA:27,0
DA:28,0
DA:29,0
DA:31,0
DA:32,0
DA:35,0
DA:36,0
DA:40,0
DA:41,0
DA:44,0
DA:45,0
DA:49,0
DA:51,0
DA:52,0
DA:53,0
DA:56,0
DA:57,0
DA:58,0
DA:60,0
DA:63,0
DA:66,1
LF:30
LH:10
BRDA:52,1,0,0
BRDA:52,1,1,0
BRF:2
BRH:0
end_of_record
